67
111111111111
60
111101111111
59
111011111111_111110111111_111111011111
58
111111101111
55
110111111111_111111110111
52
111011011111_111100111111_111101011111
51
111010111111_111011101111_111101101111_111110011111_111110101111_111111001111
111111111011
50
111001111111_111011110111_111101110111
49
110110111111_110111011111_110111111011_111010011111_111011001111_111110110111
111111010111_111111100111
48
101111111111_110011111111_110111101111_111000111111_111100011111_111101001111
111101100111_111110001111
